{"uuid":"011d3707-8c59-4c1b-9428-31053accf32a","historyId":"657506cf97a4d45f9f078b05ed55bd01","fullName":"com.qa.opencart.basetest.BaseTest.startUp","labels":[{"name":"package","value":"com.qa.opencart.test.LoginPageTest"},{"name":"testClass","value":"com.qa.opencart.test.LoginPageTest"},{"name":"testMethod","value":"startUp"},{"name":"parentSuite","value":"Test Automation Single Suite"},{"name":"suite","value":"Chrome Test"},{"name":"subSuite","value":"com.qa.opencart.test.LoginPageTest"},{"name":"host","value":"Macbook-Pro.attlocal.net"},{"name":"thread","value":"83206@Macbook-Pro.attlocal.net.TestNG-tests-1(18)"},{"name":"framework","value":"testng"},{"name":"language","value":"java"},{"name":"AS_ID","value":"-1"}],"links":[],"name":"startUp","status":"broken","statusDetails":{"known":false,"muted":false,"flaky":false,"message":"Could not start a new session. Possible causes are invalid address of the remote server or browser start-up failure. \nHost info: host: 'Macbook-Pro.attlocal.net', ip: '2600:1700:5135:440:0:0:0:41%en0'","trace":"org.openqa.selenium.SessionNotCreatedException: Could not start a new session. Possible causes are invalid address of the remote server or browser start-up failure. \nHost info: host: 'Macbook-Pro.attlocal.net', ip: '2600:1700:5135:440:0:0:0:41%en0'\n\tat org.openqa.selenium.remote.RemoteWebDriver.execute(RemoteWebDriver.java:565)\n\tat org.openqa.selenium.remote.RemoteWebDriver.startSession(RemoteWebDriver.java:242)\n\tat org.openqa.selenium.remote.RemoteWebDriver.<init>(RemoteWebDriver.java:157)\n\tat org.openqa.selenium.firefox.FirefoxDriver.<init>(FirefoxDriver.java:110)\n\tat org.openqa.selenium.firefox.FirefoxDriver.<init>(FirefoxDriver.java:98)\n\tat org.openqa.selenium.firefox.FirefoxDriver.<init>(FirefoxDriver.java:94)\n\tat com.qa.opencart.browser.BrowserFactory.getFirefoxDriver(BrowserFactory.java:71)\n\tat com.qa.opencart.browser.BrowserFactory.getBrowser(BrowserFactory.java:31)\n\tat com.qa.opencart.basetest.BaseTest.startUp(BaseTest.java:28)\n\tat java.base/jdk.internal.reflect.DirectMethodHandleAccessor.invoke(DirectMethodHandleAccessor.java:104)\n\tat java.base/java.lang.reflect.Method.invoke(Method.java:577)\n\tat org.testng.internal.invokers.MethodInvocationHelper.invokeMethod(MethodInvocationHelper.java:139)\n\tat org.testng.internal.invokers.MethodInvocationHelper.invokeMethodConsideringTimeout(MethodInvocationHelper.java:69)\n\tat org.testng.internal.invokers.ConfigInvoker.invokeConfigurationMethod(ConfigInvoker.java:361)\n\tat org.testng.internal.invokers.ConfigInvoker.invokeConfigurations(ConfigInvoker.java:296)\n\tat org.testng.internal.invokers.TestInvoker.runConfigMethods(TestInvoker.java:816)\n\tat org.testng.internal.invokers.TestInvoker.invokeMethod(TestInvoker.java:590)\n\tat org.testng.internal.invokers.TestInvoker.invokeTestMethod(TestInvoker.java:221)\n\tat org.testng.internal.invokers.MethodRunner.runInSequence(MethodRunner.java:50)\n\tat org.testng.internal.invokers.TestInvoker$MethodInvocationAgent.invoke(TestInvoker.java:962)\n\tat org.testng.internal.invokers.TestInvoker.invokeTestMethods(TestInvoker.java:194)\n\tat org.testng.internal.invokers.TestMethodWorker.invokeTestMethods(TestMethodWorker.java:148)\n\tat org.testng.internal.invokers.TestMethodWorker.run(TestMethodWorker.java:128)\n\tat java.base/java.util.ArrayList.forEach(ArrayList.java:1511)\n\tat org.testng.TestRunner.privateRun(TestRunner.java:806)\n\tat org.testng.TestRunner.run(TestRunner.java:601)\n\tat org.testng.SuiteRunner.runTest(SuiteRunner.java:433)\n\tat org.testng.SuiteRunner$SuiteWorker.run(SuiteRunner.java:471)\n\tat org.testng.internal.thread.ThreadUtil.lambda$execute$0(ThreadUtil.java:58)\n\tat java.base/java.util.concurrent.FutureTask.run(FutureTask.java:264)\n\tat java.base/java.util.concurrent.ThreadPoolExecutor.runWorker(ThreadPoolExecutor.java:1136)\n\tat java.base/java.util.concurrent.ThreadPoolExecutor$Worker.run(ThreadPoolExecutor.java:635)\n\tat java.base/java.lang.Thread.run(Thread.java:833)\nCaused by: org.openqa.selenium.WebDriverException: Timed out waiting for driver server to start.\nBuild info: version: '4.5.0', revision: 'fe167b119a'\nSystem info: os.name: 'Mac OS X', os.arch: 'aarch64', os.version: '13.0.1', java.version: '18.0.2.1'\nDriver info: driver.version: FirefoxDriver\n\tat org.openqa.selenium.remote.service.DriverService.start(DriverService.java:230)\n\tat org.openqa.selenium.remote.service.DriverCommandExecutor.execute(DriverCommandExecutor.java:98)\n\tat org.openqa.selenium.remote.RemoteWebDriver.execute(RemoteWebDriver.java:547)\n\t... 32 more\nCaused by: java.util.concurrent.ExecutionException: java.io.UncheckedIOException: java.net.SocketException: Invalid argument\n\tat java.base/java.util.concurrent.CompletableFuture.reportGet(CompletableFuture.java:396)\n\tat java.base/java.util.concurrent.CompletableFuture.get(CompletableFuture.java:2096)\n\tat org.openqa.selenium.remote.service.DriverService.start(DriverService.java:220)\n\t... 34 more\nCaused by: java.io.UncheckedIOException: java.net.SocketException: Invalid argument\n\tat org.openqa.selenium.net.PortProber.waitForPortUp(PortProber.java:116)\n\tat org.openqa.selenium.firefox.GeckoDriverService.waitUntilAvailable(GeckoDriverService.java:120)\n\tat org.openqa.selenium.remote.service.DriverService.lambda$start$1(DriverService.java:205)\n\tat java.base/java.util.concurrent.CompletableFuture$AsyncSupply.run(CompletableFuture.java:1768)\n\t... 3 more\nCaused by: java.net.SocketException: Invalid argument\n\tat java.base/sun.nio.ch.Net.connect0(Native Method)\n\tat java.base/sun.nio.ch.Net.connect(Net.java:579)\n\tat java.base/sun.nio.ch.Net.connect(Net.java:568)\n\tat java.base/sun.nio.ch.NioSocketImpl.connect(NioSocketImpl.java:585)\n\tat java.base/java.net.SocksSocketImpl.connect(SocksSocketImpl.java:327)\n\tat java.base/java.net.Socket.connect(Socket.java:633)\n\tat org.openqa.selenium.net.PortProber.waitForPortUp(PortProber.java:111)\n\t... 6 more\n"},"stage":"finished","steps":[],"attachments":[],"parameters":[{"name":"browser","value":"chrome_headless"}],"start":1668662165550,"stop":1668662165550}