{"uuid":"d4e18291-ebe0-48cf-b4da-b91b1c30c9ed","historyId":"b383eb5fdde25d92910dc3b731ea6378","fullName":"com.qa.opencart.test.RegisterPageTest.doRegisterNewCustomerMinimumPhoneNumberValueTest","labels":[{"name":"package","value":"com.qa.opencart.test.RegisterPageTest"},{"name":"testClass","value":"com.qa.opencart.test.RegisterPageTest"},{"name":"testMethod","value":"doRegisterNewCustomerMinimumPhoneNumberValueTest"},{"name":"parentSuite","value":"Default Suite"},{"name":"suite","value":"OpenCart_Selenium"},{"name":"subSuite","value":"com.qa.opencart.test.RegisterPageTest"},{"name":"host","value":"Macbook-Pro.local"},{"name":"thread","value":"86869@Macbook-Pro.local.main(1)"},{"name":"framework","value":"testng"},{"name":"language","value":"java"},{"name":"story","value":"Story Name: To Check Register New Customer Minimum Phone Number Value"},{"name":"severity","value":"critical"}],"links":[],"name":"doRegisterNewCustomerMinimumPhoneNumberValueTest","status":"skipped","statusDetails":{"known":false,"muted":false,"flaky":false,"message":"Could not start a new session. Possible causes are invalid address of the remote server or browser start-up failure. \nHost info: host: 'Macbook-Pro.local', ip: '2600:1700:5135:440:0:0:0:21%en0'","trace":"org.openqa.selenium.SessionNotCreatedException: Could not start a new session. Possible causes are invalid address of the remote server or browser start-up failure. \nHost info: host: 'Macbook-Pro.local', ip: '2600:1700:5135:440:0:0:0:21%en0'\n\tat org.openqa.selenium.remote.RemoteWebDriver.execute(RemoteWebDriver.java:565)\n\tat org.openqa.selenium.remote.RemoteWebDriver.startSession(RemoteWebDriver.java:242)\n\tat org.openqa.selenium.remote.RemoteWebDriver.<init>(RemoteWebDriver.java:157)\n\tat org.openqa.selenium.safari.SafariDriver.<init>(SafariDriver.java:79)\n\tat org.openqa.selenium.safari.SafariDriver.<init>(SafariDriver.java:58)\n\tat org.openqa.selenium.safari.SafariDriver.<init>(SafariDriver.java:49)\n\tat com.qa.opencart.browser.BrowserFactory.getSafariDriver(BrowserFactory.java:95)\n\tat com.qa.opencart.browser.BrowserFactory.getBrowser(BrowserFactory.java:38)\n\tat com.qa.opencart.basetest.BaseTest.startUp(BaseTest.java:24)\n\tat java.base/jdk.internal.reflect.DirectMethodHandleAccessor.invoke(DirectMethodHandleAccessor.java:104)\n\tat java.base/java.lang.reflect.Method.invoke(Method.java:577)\n\tat org.testng.internal.invokers.MethodInvocationHelper.invokeMethod(MethodInvocationHelper.java:139)\n\tat org.testng.internal.invokers.MethodInvocationHelper.invokeMethodConsideringTimeout(MethodInvocationHelper.java:69)\n\tat org.testng.internal.invokers.ConfigInvoker.invokeConfigurationMethod(ConfigInvoker.java:361)\n\tat org.testng.internal.invokers.ConfigInvoker.invokeConfigurations(ConfigInvoker.java:296)\n\tat org.testng.internal.invokers.TestInvoker.runConfigMethods(TestInvoker.java:816)\n\tat org.testng.internal.invokers.TestInvoker.invokeMethod(TestInvoker.java:590)\n\tat org.testng.internal.invokers.TestInvoker.invokeTestMethod(TestInvoker.java:221)\n\tat org.testng.internal.invokers.MethodRunner.runInSequence(MethodRunner.java:50)\n\tat org.testng.internal.invokers.TestInvoker$MethodInvocationAgent.invoke(TestInvoker.java:962)\n\tat org.testng.internal.invokers.TestInvoker.invokeTestMethods(TestInvoker.java:194)\n\tat org.testng.internal.invokers.TestMethodWorker.invokeTestMethods(TestMethodWorker.java:148)\n\tat org.testng.internal.invokers.TestMethodWorker.run(TestMethodWorker.java:128)\n\tat java.base/java.util.ArrayList.forEach(ArrayList.java:1511)\n\tat org.testng.TestRunner.privateRun(TestRunner.java:806)\n\tat org.testng.TestRunner.run(TestRunner.java:601)\n\tat org.testng.SuiteRunner.runTest(SuiteRunner.java:433)\n\tat org.testng.SuiteRunner.runSequentially(SuiteRunner.java:427)\n\tat org.testng.SuiteRunner.privateRun(SuiteRunner.java:387)\n\tat org.testng.SuiteRunner.run(SuiteRunner.java:330)\n\tat org.testng.SuiteRunnerWorker.runSuite(SuiteRunnerWorker.java:52)\n\tat org.testng.SuiteRunnerWorker.run(SuiteRunnerWorker.java:95)\n\tat org.testng.TestNG.runSuitesSequentially(TestNG.java:1256)\n\tat org.testng.TestNG.runSuitesLocally(TestNG.java:1176)\n\tat org.testng.TestNG.runSuites(TestNG.java:1099)\n\tat org.testng.TestNG.run(TestNG.java:1067)\n\tat com.intellij.rt.testng.IDEARemoteTestNG.run(IDEARemoteTestNG.java:66)\n\tat com.intellij.rt.testng.RemoteTestNGStarter.main(RemoteTestNGStarter.java:109)\nCaused by: org.openqa.selenium.WebDriverException: Timed out waiting for driver server to start.\nBuild info: version: '4.5.0', revision: 'fe167b119a'\nSystem info: os.name: 'Mac OS X', os.arch: 'aarch64', os.version: '13.0', java.version: '18.0.2.1'\nDriver info: driver.version: SafariDriver\n\tat org.openqa.selenium.remote.service.DriverService.start(DriverService.java:230)\n\tat org.openqa.selenium.remote.service.DriverCommandExecutor.execute(DriverCommandExecutor.java:98)\n\tat org.openqa.selenium.remote.RemoteWebDriver.execute(RemoteWebDriver.java:547)\n\t... 37 more\nCaused by: java.util.concurrent.ExecutionException: org.openqa.selenium.WebDriverException: java.io.UncheckedIOException: java.net.SocketException: Invalid argument\nBuild info: version: '4.5.0', revision: 'fe167b119a'\nSystem info: os.name: 'Mac OS X', os.arch: 'aarch64', os.version: '13.0', java.version: '18.0.2.1'\nDriver info: driver.version: unknown\n\tat java.base/java.util.concurrent.CompletableFuture.reportGet(CompletableFuture.java:396)\n\tat java.base/java.util.concurrent.CompletableFuture.get(CompletableFuture.java:2096)\n\tat org.openqa.selenium.remote.service.DriverService.start(DriverService.java:220)\n\t... 39 more\nCaused by: org.openqa.selenium.WebDriverException: java.io.UncheckedIOException: java.net.SocketException: Invalid argument\nBuild info: version: '4.5.0', revision: 'fe167b119a'\nSystem info: os.name: 'Mac OS X', os.arch: 'aarch64', os.version: '13.0', java.version: '18.0.2.1'\nDriver info: driver.version: unknown\n\tat org.openqa.selenium.safari.SafariDriverService.waitUntilAvailable(SafariDriverService.java:75)\n\tat org.openqa.selenium.remote.service.DriverService.lambda$start$1(DriverService.java:205)\n\tat java.base/java.util.concurrent.CompletableFuture$AsyncSupply.run(CompletableFuture.java:1768)\n\tat java.base/java.util.concurrent.ThreadPoolExecutor.runWorker(ThreadPoolExecutor.java:1136)\n\tat java.base/java.util.concurrent.ThreadPoolExecutor$Worker.run(ThreadPoolExecutor.java:635)\n\tat java.base/java.lang.Thread.run(Thread.java:833)\nCaused by: java.io.UncheckedIOException: java.net.SocketException: Invalid argument\n\tat org.openqa.selenium.net.PortProber.waitForPortUp(PortProber.java:116)\n\tat org.openqa.selenium.safari.SafariDriverService.waitUntilAvailable(SafariDriverService.java:73)\n\t... 5 more\nCaused by: java.net.SocketException: Invalid argument\n\tat java.base/sun.nio.ch.Net.connect0(Native Method)\n\tat java.base/sun.nio.ch.Net.connect(Net.java:579)\n\tat java.base/sun.nio.ch.Net.connect(Net.java:568)\n\tat java.base/sun.nio.ch.NioSocketImpl.connect(NioSocketImpl.java:585)\n\tat java.base/java.net.SocksSocketImpl.connect(SocksSocketImpl.java:327)\n\tat java.base/java.net.Socket.connect(Socket.java:633)\n\tat org.openqa.selenium.net.PortProber.waitForPortUp(PortProber.java:111)\n\t... 6 more\n"},"stage":"finished","description":"Test Case Description: Do Register New Customer Minimum Phone Number Value Test","steps":[],"attachments":[],"parameters":[],"start":1667631516448,"stop":1667631516448}